<?xml version="1.0" encoding="UTF-8"?>
<testsuites name="jest tests" tests="2" failures="2" errors="0" time="0.741">
  <testsuite name="undefined" errors="0" failures="2" skipped="0" timestamp="2023-10-30T18:51:41" time="0.513" tests="2">
    <testcase classname=" Celsius to Fahrenheit" name=" Celsius to Fahrenheit" time="0.004">
      <failure>Error: expect(received).toBe(expected) // Object.is equality

Expected: 32
Received: 10
    at Object.&lt;anonymous&gt; (C:\Users\Amanda Freire\Documents\Amanda\git\local\Trabalho Prático - GC\tests\temperature-converter.test.js:3:34)
    at Promise.then.completed (C:\Users\Amanda Freire\Documents\Amanda\git\local\Trabalho Prático - GC\node_modules\jest-circus\build\utils.js:391:28)
    at new Promise (&lt;anonymous&gt;)
    at callAsyncCircusFn (C:\Users\Amanda Freire\Documents\Amanda\git\local\Trabalho Prático - GC\node_modules\jest-circus\build\utils.js:316:10)
    at _callCircusTest (C:\Users\Amanda Freire\Documents\Amanda\git\local\Trabalho Prático - GC\node_modules\jest-circus\build\run.js:218:40)
    at processTicksAndRejections (node:internal/process/task_queues:95:5)
    at _runTest (C:\Users\Amanda Freire\Documents\Amanda\git\local\Trabalho Prático - GC\node_modules\jest-circus\build\run.js:155:3)
    at _runTestsForDescribeBlock (C:\Users\Amanda Freire\Documents\Amanda\git\local\Trabalho Prático - GC\node_modules\jest-circus\build\run.js:66:9)
    at run (C:\Users\Amanda Freire\Documents\Amanda\git\local\Trabalho Prático - GC\node_modules\jest-circus\build\run.js:25:3)
    at runAndTransformResultsToJestFormat (C:\Users\Amanda Freire\Documents\Amanda\git\local\Trabalho Prático - GC\node_modules\jest-circus\build\legacy-code-todo-rewrite\jestAdapterInit.js:170:21)</failure>
    </testcase>
    <testcase classname=" Fahrenheit to Celsius" name=" Fahrenheit to Celsius" time="0">
      <failure>Error: expect(received).toBe(expected) // Object.is equality

Expected: 0
Received: -1.6666666666666667
    at Object.&lt;anonymous&gt; (C:\Users\Amanda Freire\Documents\Amanda\git\local\Trabalho Prático - GC\tests\temperature-converter.test.js:8:35)
    at Promise.then.completed (C:\Users\Amanda Freire\Documents\Amanda\git\local\Trabalho Prático - GC\node_modules\jest-circus\build\utils.js:391:28)
    at new Promise (&lt;anonymous&gt;)
    at callAsyncCircusFn (C:\Users\Amanda Freire\Documents\Amanda\git\local\Trabalho Prático - GC\node_modules\jest-circus\build\utils.js:316:10)
    at _callCircusTest (C:\Users\Amanda Freire\Documents\Amanda\git\local\Trabalho Prático - GC\node_modules\jest-circus\build\run.js:218:40)
    at processTicksAndRejections (node:internal/process/task_queues:95:5)
    at _runTest (C:\Users\Amanda Freire\Documents\Amanda\git\local\Trabalho Prático - GC\node_modules\jest-circus\build\run.js:155:3)
    at _runTestsForDescribeBlock (C:\Users\Amanda Freire\Documents\Amanda\git\local\Trabalho Prático - GC\node_modules\jest-circus\build\run.js:66:9)
    at run (C:\Users\Amanda Freire\Documents\Amanda\git\local\Trabalho Prático - GC\node_modules\jest-circus\build\run.js:25:3)
    at runAndTransformResultsToJestFormat (C:\Users\Amanda Freire\Documents\Amanda\git\local\Trabalho Prático - GC\node_modules\jest-circus\build\legacy-code-todo-rewrite\jestAdapterInit.js:170:21)</failure>
    </testcase>
  </testsuite>
</testsuites>